This is pdfTeX, Version 3.141592653-2.6-1.40.27 (MiKTeX 25.4) (preloaded format=pdflatex 2025.11.25)  10 DEC 2025 01:03
entering extended mode
 restricted \write18 enabled.
 %&-line parsing enabled.
**./report.tex
(report.tex
LaTeX2e <2025-11-01>
L3 programming layer <2025-11-06>
(C:\Program Files\MiKTeX\tex/latex/base\report.cls
Document Class: report 2025/01/22 v1.4n Standard LaTeX document class
(C:\Program Files\MiKTeX\tex/latex/base\size12.clo
File: size12.clo 2025/01/22 v1.4n Standard LaTeX file (size option)
)
\c@part=\count275
\c@chapter=\count276
\c@section=\count277
\c@subsection=\count278
\c@subsubsection=\count279
\c@paragraph=\count280
\c@subparagraph=\count281
\c@figure=\count282
\c@table=\count283
\abovecaptionskip=\skip49
\belowcaptionskip=\skip50
\bibindent=\dimen148
)
(C:\Program Files\MiKTeX\tex/latex/base\fontenc.sty
Package: fontenc 2025/07/18 v2.1d Standard LaTeX package
)
(C:\Program Files\MiKTeX\tex/latex/base\inputenc.sty
Package: inputenc 2024/02/08 v1.3d Input encoding file
\inpenc@prehook=\toks17
\inpenc@posthook=\toks18
)
(C:\Users\hisen\AppData\Roaming\MiKTeX\tex/latex/psnfss\times.sty
Package: times 2020/03/25 PSNFSS-v9.3 (SPQR) 
)
(C:\Users\hisen\AppData\Roaming\MiKTeX\tex/latex/psnfss\mathptmx.sty
Package: mathptmx 2020/03/25 PSNFSS-v9.3 Times w/ Math, improved (SPQR, WaS) 
LaTeX Font Info:    Redeclaring symbol font `operators' on input line 28.
LaTeX Font Info:    Overwriting symbol font `operators' in version `normal'
(Font)                  OT1/cmr/m/n --> OT1/ztmcm/m/n on input line 28.
LaTeX Font Info:    Overwriting symbol font `operators' in version `bold'
(Font)                  OT1/cmr/bx/n --> OT1/ztmcm/m/n on input line 28.
LaTeX Font Info:    Redeclaring symbol font `letters' on input line 29.
LaTeX Font Info:    Overwriting symbol font `letters' in version `normal'
(Font)                  OML/cmm/m/it --> OML/ztmcm/m/it on input line 29.
LaTeX Font Info:    Overwriting symbol font `letters' in version `bold'
(Font)                  OML/cmm/b/it --> OML/ztmcm/m/it on input line 29.
LaTeX Font Info:    Redeclaring symbol font `symbols' on input line 30.
LaTeX Font Info:    Overwriting symbol font `symbols' in version `normal'
(Font)                  OMS/cmsy/m/n --> OMS/ztmcm/m/n on input line 30.
LaTeX Font Info:    Overwriting symbol font `symbols' in version `bold'
(Font)                  OMS/cmsy/b/n --> OMS/ztmcm/m/n on input line 30.
LaTeX Font Info:    Redeclaring symbol font `largesymbols' on input line 31.
LaTeX Font Info:    Overwriting symbol font `largesymbols' in version `normal'
(Font)                  OMX/cmex/m/n --> OMX/ztmcm/m/n on input line 31.
LaTeX Font Info:    Overwriting symbol font `largesymbols' in version `bold'
(Font)                  OMX/cmex/m/n --> OMX/ztmcm/m/n on input line 31.
\symbold=\mathgroup4
\symitalic=\mathgroup5
LaTeX Font Info:    Redeclaring math alphabet \mathbf on input line 34.
LaTeX Font Info:    Overwriting math alphabet `\mathbf' in version `normal'
(Font)                  OT1/cmr/bx/n --> OT1/ptm/bx/n on input line 34.
LaTeX Font Info:    Overwriting math alphabet `\mathbf' in version `bold'
(Font)                  OT1/cmr/bx/n --> OT1/ptm/bx/n on input line 34.
LaTeX Font Info:    Redeclaring math alphabet \mathit on input line 35.
LaTeX Font Info:    Overwriting math alphabet `\mathit' in version `normal'
(Font)                  OT1/cmr/m/it --> OT1/ptm/m/it on input line 35.
LaTeX Font Info:    Overwriting math alphabet `\mathit' in version `bold'
(Font)                  OT1/cmr/bx/it --> OT1/ptm/m/it on input line 35.
LaTeX Info: Redefining \hbar on input line 50.
)
(C:\Users\hisen\AppData\Roaming\MiKTeX\tex/latex/microtype\microtype.sty
Package: microtype 2025/07/09 v3.2b Micro-typographical refinements (RS)

(C:\Program Files\MiKTeX\tex/latex/graphics\keyval.sty
Package: keyval 2022/05/29 v1.15 key=value parser (DPC)
\KV@toks@=\toks19
)
(C:\Program Files\MiKTeX\tex/latex/etoolbox\etoolbox.sty
Package: etoolbox 2025/10/02 v2.5m e-TeX tools for LaTeX (JAW)
\etb@tempcnta=\count284
)
\MT@toks=\toks20
\MT@tempbox=\box53
\MT@count=\count285
LaTeX Info: Redefining \noprotrusionifhmode on input line 1087.
LaTeX Info: Redefining \leftprotrusion on input line 1088.
\MT@prot@toks=\toks21
LaTeX Info: Redefining \rightprotrusion on input line 1107.
LaTeX Info: Redefining \textls on input line 1449.
\MT@outer@kern=\dimen149
LaTeX Info: Redefining \microtypecontext on input line 2053.
LaTeX Info: Redefining \textmicrotypecontext on input line 2070.
\MT@listname@count=\count286

(C:\Users\hisen\AppData\Roaming\MiKTeX\tex/latex/microtype\microtype-pdftex.def
File: microtype-pdftex.def 2025/07/09 v3.2b Definitions specific to pdftex (RS)

LaTeX Info: Redefining \lsstyle on input line 944.
LaTeX Info: Redefining \lslig on input line 944.
\MT@outer@space=\skip51
)
Package microtype Info: Loading configuration file microtype.cfg.
 (C:\Users\hisen\AppData\Roaming\MiKTeX\tex/latex/microtype\microtype.cfg
File: microtype.cfg 2025/07/09 v3.2b microtype main configuration file (RS)
)
LaTeX Info: Redefining \microtypesetup on input line 3065.
)
(C:\Users\hisen\AppData\Roaming\MiKTeX\tex/latex/geometry\geometry.sty
Package: geometry 2020/01/02 v5.9 Page Geometry

(C:\Program Files\MiKTeX\tex/generic/iftex\ifvtex.sty
Package: ifvtex 2019/10/25 v1.7 ifvtex legacy package. Use iftex instead.

(C:\Program Files\MiKTeX\tex/generic/iftex\iftex.sty
Package: iftex 2024/12/12 v1.0g TeX engine tests
))
\Gm@cnth=\count287
\Gm@cntv=\count288
\c@Gm@tempcnt=\count289
\Gm@bindingoffset=\dimen150
\Gm@wd@mp=\dimen151
\Gm@odd@mp=\dimen152
\Gm@even@mp=\dimen153
\Gm@layoutwidth=\dimen154
\Gm@layoutheight=\dimen155
\Gm@layouthoffset=\dimen156
\Gm@layoutvoffset=\dimen157
\Gm@dimlist=\toks22

(C:\Users\hisen\AppData\Roaming\MiKTeX\tex/latex/geometry\geometry.cfg))
(C:\Users\hisen\AppData\Roaming\MiKTeX\tex/latex/setspace\setspace.sty
Package: setspace 2022/12/04 v6.7b set line spacing
)
(C:\Users\hisen\AppData\Roaming\MiKTeX\tex/latex/enumitem\enumitem.sty
Package: enumitem 2025/02/06 v3.11 Customized lists
\labelindent=\skip52
\enit@outerparindent=\dimen158
\enit@toks=\toks23
\enit@inbox=\box54
\enit@count@id=\count290
\enitdp@description=\count291
)
(C:\Program Files\MiKTeX\tex/latex/xcolor\xcolor.sty
Package: xcolor 2024/09/29 v3.02 LaTeX color extensions (UK)

(C:\Program Files\MiKTeX\tex/latex/graphics-cfg\color.cfg
File: color.cfg 2016/01/02 v1.6 sample color configuration
)
Package xcolor Info: Driver file: pdftex.def on input line 274.

(C:\Program Files\MiKTeX\tex/latex/graphics-def\pdftex.def
File: pdftex.def 2025/09/29 v1.2d Graphics/color driver for pdftex
)
(C:\Program Files\MiKTeX\tex/latex/graphics\mathcolor.ltx)
Package xcolor Info: Model `cmy' substituted by `cmy0' on input line 1349.
Package xcolor Info: Model `hsb' substituted by `rgb' on input line 1353.
Package xcolor Info: Model `RGB' extended on input line 1365.
Package xcolor Info: Model `HTML' substituted by `rgb' on input line 1367.
Package xcolor Info: Model `Hsb' substituted by `hsb' on input line 1368.
Package xcolor Info: Model `tHsb' substituted by `hsb' on input line 1369.
Package xcolor Info: Model `HSB' substituted by `hsb' on input line 1370.
Package xcolor Info: Model `Gray' substituted by `gray' on input line 1371.
Package xcolor Info: Model `wave' substituted by `hsb' on input line 1372.
)
(C:\Users\hisen\AppData\Roaming\MiKTeX\tex/latex/colortbl\colortbl.sty
Package: colortbl 2024/10/29 v1.0k Color table columns (DPC)

(C:\Program Files\MiKTeX\tex/latex/tools\array.sty
Package: array 2025/09/25 v2.6n Tabular extension package (FMi)
\col@sep=\dimen159
\ar@mcellbox=\box55
\extrarowheight=\dimen160
\NC@list=\toks24
\extratabsurround=\skip53
\backup@length=\skip54
\ar@cellbox=\box56
)
\everycr=\toks25
\minrowclearance=\skip55
\rownum=\count292
)
(C:\Program Files\MiKTeX\tex/latex/graphics\dvipsnam.def
File: dvipsnam.def 2016/06/17 v3.0m Driver-dependent file (DPC,SPQR)
)
(C:\Users\hisen\AppData\Roaming\MiKTeX\tex/latex/fancyhdr\fancyhdr.sty
Package: fancyhdr 2025/02/07 v5.2 Extensive control of page headers and footers

\f@nch@headwidth=\skip56
\f@nch@offset@elh=\skip57
\f@nch@offset@erh=\skip58
\f@nch@offset@olh=\skip59
\f@nch@offset@orh=\skip60
\f@nch@offset@elf=\skip61
\f@nch@offset@erf=\skip62
\f@nch@offset@olf=\skip63
\f@nch@offset@orf=\skip64
\f@nch@height=\skip65
\f@nch@footalignment=\skip66
\f@nch@widthL=\skip67
\f@nch@widthC=\skip68
\f@nch@widthR=\skip69
\@temptokenb=\toks26
)
(C:\Users\hisen\AppData\Roaming\MiKTeX\tex/latex/titlesec\titlesec.sty
Package: titlesec 2025/01/04 v2.17 Sectioning titles
\ttl@box=\box57
\beforetitleunit=\skip70
\aftertitleunit=\skip71
\ttl@plus=\dimen161
\ttl@minus=\dimen162
\ttl@toksa=\toks27
\titlewidth=\dimen163
\titlewidthlast=\dimen164
\titlewidthfirst=\dimen165
)
(C:\Users\hisen\AppData\Roaming\MiKTeX\tex/latex/placeins\placeins.sty
Package: placeins 2005/04/18  v 2.2
)
(C:\Program Files\MiKTeX\tex/latex/graphics\graphicx.sty
Package: graphicx 2024/12/31 v1.2e Enhanced LaTeX Graphics (DPC,SPQR)

(C:\Program Files\MiKTeX\tex/latex/graphics\graphics.sty
Package: graphics 2024/08/06 v1.4g Standard LaTeX Graphics (DPC,SPQR)

(C:\Program Files\MiKTeX\tex/latex/graphics\trig.sty
Package: trig 2023/12/02 v1.11 sin cos tan (DPC)
)
(C:\Program Files\MiKTeX\tex/latex/graphics-cfg\graphics.cfg
File: graphics.cfg 2016/06/04 v1.11 sample graphics configuration
)
Package graphics Info: Driver file: pdftex.def on input line 106.
)
\Gin@req@height=\dimen166
\Gin@req@width=\dimen167
)
(C:\Users\hisen\AppData\Roaming\MiKTeX\tex/latex/float\float.sty
Package: float 2001/11/08 v1.3d Float enhancements (AL)
\c@float@type=\count293
\float@exts=\toks28
\float@box=\box58
\@float@everytoks=\toks29
\@floatcapt=\box59
)
(C:\Users\hisen\AppData\Roaming\MiKTeX\tex/latex/booktabs\booktabs.sty
Package: booktabs 2020/01/12 v1.61803398 Publication quality tables
\heavyrulewidth=\dimen168
\lightrulewidth=\dimen169
\cmidrulewidth=\dimen170
\belowrulesep=\dimen171
\belowbottomsep=\dimen172
\aboverulesep=\dimen173
\abovetopsep=\dimen174
\cmidrulesep=\dimen175
\cmidrulekern=\dimen176
\defaultaddspace=\dimen177
\@cmidla=\count294
\@cmidlb=\count295
\@aboverulesep=\dimen178
\@belowrulesep=\dimen179
\@thisruleclass=\count296
\@lastruleclass=\count297
\@thisrulewidth=\dimen180
)
(C:\Program Files\MiKTeX\tex/latex/amsmath\amsmath.sty
Package: amsmath 2025/07/09 v2.17z AMS math features
\@mathmargin=\skip72

For additional information on amsmath, use the `?' option.
(C:\Program Files\MiKTeX\tex/latex/amsmath\amstext.sty
Package: amstext 2024/11/17 v2.01 AMS text

(C:\Program Files\MiKTeX\tex/latex/amsmath\amsgen.sty
File: amsgen.sty 1999/11/30 v2.0 generic functions
\@emptytoks=\toks30
\ex@=\dimen181
))
(C:\Program Files\MiKTeX\tex/latex/amsmath\amsbsy.sty
Package: amsbsy 1999/11/29 v1.2d Bold Symbols
\pmbraise@=\dimen182
)
(C:\Program Files\MiKTeX\tex/latex/amsmath\amsopn.sty
Package: amsopn 2022/04/08 v2.04 operator names
)
\inf@bad=\count298
LaTeX Info: Redefining \frac on input line 233.
\uproot@=\count299
\leftroot@=\count300
LaTeX Info: Redefining \overline on input line 398.
LaTeX Info: Redefining \colon on input line 409.
\classnum@=\count301
\DOTSCASE@=\count302
LaTeX Info: Redefining \ldots on input line 495.
LaTeX Info: Redefining \dots on input line 498.
LaTeX Info: Redefining \cdots on input line 619.
\Mathstrutbox@=\box60
\strutbox@=\box61
LaTeX Info: Redefining \big on input line 721.
LaTeX Info: Redefining \Big on input line 722.
LaTeX Info: Redefining \bigg on input line 723.
LaTeX Info: Redefining \Bigg on input line 724.
\big@size=\dimen183
LaTeX Font Info:    Redeclaring font encoding OML on input line 742.
LaTeX Font Info:    Redeclaring font encoding OMS on input line 743.
\macc@depth=\count303
LaTeX Info: Redefining \bmod on input line 904.
LaTeX Info: Redefining \pmod on input line 909.
LaTeX Info: Redefining \smash on input line 939.
LaTeX Info: Redefining \relbar on input line 969.
LaTeX Info: Redefining \Relbar on input line 970.
\c@MaxMatrixCols=\count304
\dotsspace@=\muskip17
\c@parentequation=\count305
\dspbrk@lvl=\count306
\tag@help=\toks31
\row@=\count307
\column@=\count308
\maxfields@=\count309
\andhelp@=\toks32
\eqnshift@=\dimen184
\alignsep@=\dimen185
\tagshift@=\dimen186
\tagwidth@=\dimen187
\totwidth@=\dimen188
\lineht@=\dimen189
\@envbody=\toks33
\multlinegap=\skip73
\multlinetaggap=\skip74
\mathdisplay@stack=\toks34
LaTeX Info: Redefining \[ on input line 2950.
LaTeX Info: Redefining \] on input line 2951.
)
(C:\Program Files\MiKTeX\tex/latex/tools\longtable.sty
Package: longtable 2025-10-13 v4.24 Multi-page Table package (DPC)
\LTleft=\skip75
\LTright=\skip76
\LTpre=\skip77
\LTpost=\skip78
\LTchunksize=\count310
\LTcapwidth=\dimen190
\LT@head=\box62
\LT@firsthead=\box63
\LT@foot=\box64
\LT@lastfoot=\box65
\LT@gbox=\box66
\LT@cols=\count311
\LT@rows=\count312
\c@LT@tables=\count313
\c@LT@chunks=\count314
\LT@p@ftn=\toks35
)
(C:\Program Files\MiKTeX\tex/latex/tools\tabularx.sty
Package: tabularx 2023/12/11 v2.12a `tabularx' package (DPC)
\TX@col@width=\dimen191
\TX@old@table=\dimen192
\TX@old@col=\dimen193
\TX@target=\dimen194
\TX@delta=\dimen195
\TX@cols=\count315
\TX@ftn=\toks36
)
(C:\Users\hisen\AppData\Roaming\MiKTeX\tex/latex/multirow\multirow.sty
Package: multirow 2024/11/12 v2.9 Span multiple rows of a table
\multirow@colwidth=\skip79
\multirow@cntb=\count316
\multirow@dima=\skip80
\bigstrutjot=\dimen196
)
(C:\Program Files\MiKTeX\tex/latex/url\url.sty
\Urlmuskip=\muskip18
Package: url 2013/09/16  ver 3.4  Verb mode for urls, etc.
)
(C:\Users\hisen\AppData\Roaming\MiKTeX\tex/latex/caption\caption.sty
Package: caption 2023/08/05 v3.6o Customizing captions (AR)

(C:\Users\hisen\AppData\Roaming\MiKTeX\tex/latex/caption\caption3.sty
Package: caption3 2023/07/31 v2.4d caption3 kernel (AR)
\caption@tempdima=\dimen197
\captionmargin=\dimen198
\caption@leftmargin=\dimen199
\caption@rightmargin=\dimen256
\caption@width=\dimen257
\caption@indent=\dimen258
\caption@parindent=\dimen259
\caption@hangindent=\dimen260
Package caption Info: Standard document class detected.
)
\c@caption@flags=\count317
\c@continuedfloat=\count318
Package caption Info: float package is loaded.
Package caption Info: longtable package is loaded.

(C:\Users\hisen\AppData\Roaming\MiKTeX\tex/latex/caption\ltcaption.sty
Package: ltcaption 2021/01/08 v1.4c longtable captions (AR)
))
(C:\Users\hisen\AppData\Roaming\MiKTeX\tex/latex/tocloft\tocloft.sty
Package: tocloft 2017/08/31 v2.3i parameterised ToC, etc., typesetting
Package tocloft Info: The document has chapter divisions on input line 51.
\cftparskip=\skip81
\cftbeforetoctitleskip=\skip82
\cftaftertoctitleskip=\skip83
\cftbeforepartskip=\skip84
\cftpartnumwidth=\skip85
\cftpartindent=\skip86
\cftbeforechapskip=\skip87
\cftchapindent=\skip88
\cftchapnumwidth=\skip89
\cftbeforesecskip=\skip90
\cftsecindent=\skip91
\cftsecnumwidth=\skip92
\cftbeforesubsecskip=\skip93
\cftsubsecindent=\skip94
\cftsubsecnumwidth=\skip95
\cftbeforesubsubsecskip=\skip96
\cftsubsubsecindent=\skip97
\cftsubsubsecnumwidth=\skip98
\cftbeforeparaskip=\skip99
\cftparaindent=\skip100
\cftparanumwidth=\skip101
\cftbeforesubparaskip=\skip102
\cftsubparaindent=\skip103
\cftsubparanumwidth=\skip104
\cftbeforeloftitleskip=\skip105
\cftafterloftitleskip=\skip106
\cftbeforefigskip=\skip107
\cftfigindent=\skip108
\cftfignumwidth=\skip109
\c@lofdepth=\count319
\c@lotdepth=\count320
\cftbeforelottitleskip=\skip110
\cftafterlottitleskip=\skip111
\cftbeforetabskip=\skip112
\cfttabindent=\skip113
\cfttabnumwidth=\skip114
)
(C:\Program Files\MiKTeX\tex/latex/hyperref\hyperref.sty
Package: hyperref 2025-07-12 v7.01o Hypertext links for LaTeX

(C:\Users\hisen\AppData\Roaming\MiKTeX\tex/latex/kvsetkeys\kvsetkeys.sty
Package: kvsetkeys 2022-10-05 v1.19 Key value parser (HO)
)
(C:\Users\hisen\AppData\Roaming\MiKTeX\tex/generic/kvdefinekeys\kvdefinekeys.st
y
Package: kvdefinekeys 2019-12-19 v1.6 Define keys (HO)
) (C:\Users\hisen\AppData\Roaming\MiKTeX\tex/generic/pdfescape\pdfescape.sty
Package: pdfescape 2019/12/09 v1.15 Implements pdfTeX's escape features (HO)

(C:\Users\hisen\AppData\Roaming\MiKTeX\tex/generic/ltxcmds\ltxcmds.sty
Package: ltxcmds 2023-12-04 v1.26 LaTeX kernel commands for general use (HO)
)
(C:\Program Files\MiKTeX\tex/generic/pdftexcmds\pdftexcmds.sty
Package: pdftexcmds 2020-06-27 v0.33 Utility functions of pdfTeX for LuaTeX (HO
)

(C:\Users\hisen\AppData\Roaming\MiKTeX\tex/generic/infwarerr\infwarerr.sty
Package: infwarerr 2019/12/03 v1.5 Providing info/warning/error messages (HO)
)
Package pdftexcmds Info: \pdf@primitive is available.
Package pdftexcmds Info: \pdf@ifprimitive is available.
Package pdftexcmds Info: \pdfdraftmode found.
))
(C:\Users\hisen\AppData\Roaming\MiKTeX\tex/latex/hycolor\hycolor.sty
Package: hycolor 2020-01-27 v1.10 Color options for hyperref/bookmark (HO)
)
(C:\Program Files\MiKTeX\tex/latex/hyperref\nameref.sty
Package: nameref 2025-06-21 v2.57 Cross-referencing by name of section

(C:\Users\hisen\AppData\Roaming\MiKTeX\tex/latex/refcount\refcount.sty
Package: refcount 2019/12/15 v3.6 Data extraction from label references (HO)
)
(C:\Users\hisen\AppData\Roaming\MiKTeX\tex/generic/gettitlestring\gettitlestrin
g.sty
Package: gettitlestring 2019/12/15 v1.6 Cleanup title references (HO)
 (C:\Users\hisen\AppData\Roaming\MiKTeX\tex/latex/kvoptions\kvoptions.sty
Package: kvoptions 2022-06-15 v3.15 Key value format for package options (HO)
))
\c@section@level=\count321
) (C:\Users\hisen\AppData\Roaming\MiKTeX\tex/generic/stringenc\stringenc.sty
Package: stringenc 2019/11/29 v1.12 Convert strings between diff. encodings (HO
)
)
\@linkdim=\dimen261
\Hy@linkcounter=\count322
\Hy@pagecounter=\count323

(C:\Program Files\MiKTeX\tex/latex/hyperref\pd1enc.def
File: pd1enc.def 2025-07-12 v7.01o Hyperref: PDFDocEncoding definition (HO)
Now handling font encoding PD1 ...
... no UTF-8 mapping file for font encoding PD1
)
(C:\Users\hisen\AppData\Roaming\MiKTeX\tex/generic/intcalc\intcalc.sty
Package: intcalc 2019/12/15 v1.3 Expandable calculations with integers (HO)
)
\Hy@SavedSpaceFactor=\count324

(C:\Program Files\MiKTeX\tex/latex/hyperref\puenc.def
File: puenc.def 2025-07-12 v7.01o Hyperref: PDF Unicode definition (HO)
Now handling font encoding PU ...
... no UTF-8 mapping file for font encoding PU
)
Package hyperref Info: Option `bookmarks' set `true' on input line 4066.
Package hyperref Info: Option `colorlinks' set `true' on input line 4066.
Package hyperref Info: Option `plainpages' set `false' on input line 4066.
Package hyperref Info: Option `pdfpagelabels' set `true' on input line 4066.
Package hyperref Info: Option `hypertexnames' set `false' on input line 4066.
Package hyperref Info: Hyper figures OFF on input line 4195.
Package hyperref Info: Link nesting OFF on input line 4200.
Package hyperref Info: Hyper index ON on input line 4203.
Package hyperref Info: Plain pages OFF on input line 4210.
Package hyperref Info: Backreferencing OFF on input line 4215.
Package hyperref Info: Implicit mode ON; LaTeX internals redefined.
Package hyperref Info: Bookmarks ON on input line 4462.
\c@Hy@tempcnt=\count325
LaTeX Info: Redefining \url on input line 4801.
\XeTeXLinkMargin=\dimen262

(C:\Users\hisen\AppData\Roaming\MiKTeX\tex/generic/bitset\bitset.sty
Package: bitset 2019/12/09 v1.3 Handle bit-vector datatype (HO)

(C:\Users\hisen\AppData\Roaming\MiKTeX\tex/generic/bigintcalc\bigintcalc.sty
Package: bigintcalc 2019/12/15 v1.5 Expandable calculations on big integers (HO
)
))
\Fld@menulength=\count326
\Field@Width=\dimen263
\Fld@charsize=\dimen264
Package hyperref Info: Hyper figures OFF on input line 6078.
Package hyperref Info: Link nesting OFF on input line 6083.
Package hyperref Info: Hyper index ON on input line 6086.
Package hyperref Info: backreferencing OFF on input line 6093.
Package hyperref Info: Link coloring ON on input line 6096.
Package hyperref Info: Link coloring with OCG OFF on input line 6103.
Package hyperref Info: PDF/A mode OFF on input line 6108.
\Hy@abspage=\count327
\c@Item=\count328
\c@Hfootnote=\count329
)
Package hyperref Info: Driver (autodetected): hpdftex.
(C:\Program Files\MiKTeX\tex/latex/hyperref\hpdftex.def
File: hpdftex.def 2025-07-12 v7.01o Hyperref driver for pdfTeX
\Fld@listcount=\count330
\c@bookmark@seq@number=\count331

(C:\Users\hisen\AppData\Roaming\MiKTeX\tex/latex/rerunfilecheck\rerunfilecheck.
sty
Package: rerunfilecheck 2025-06-21 v1.11 Rerun checks for auxiliary files (HO)

(C:\Users\hisen\AppData\Roaming\MiKTeX\tex/generic/uniquecounter\uniquecounter.
sty
Package: uniquecounter 2019/12/15 v1.4 Provide unlimited unique counter (HO)
)
Package uniquecounter Info: New unique counter `rerunfilecheck' on input line 2
84.
)
\Hy@SectionHShift=\skip115
)
LaTeX Font Info:    Trying to load font information for T1+ptm on input line 25
0.
 (C:\Users\hisen\AppData\Roaming\MiKTeX\tex/latex/psnfss\t1ptm.fd
File: t1ptm.fd 2001/06/04 font definitions for T1/ptm.
)
(C:\Program Files\MiKTeX\tex/latex/l3backend\l3backend-pdftex.def
File: l3backend-pdftex.def 2025-10-09 L3 backend support: PDF output (pdfTeX)
\l__color_backend_stack_int=\count332
) (report.aux)
\openout1 = `report.aux'.

LaTeX Font Info:    Checking defaults for OML/cmm/m/it on input line 250.
LaTeX Font Info:    ... okay on input line 250.
LaTeX Font Info:    Checking defaults for OMS/cmsy/m/n on input line 250.
LaTeX Font Info:    ... okay on input line 250.
LaTeX Font Info:    Checking defaults for OT1/cmr/m/n on input line 250.
LaTeX Font Info:    ... okay on input line 250.
LaTeX Font Info:    Checking defaults for T1/cmr/m/n on input line 250.
LaTeX Font Info:    ... okay on input line 250.
LaTeX Font Info:    Checking defaults for TS1/cmr/m/n on input line 250.
LaTeX Font Info:    ... okay on input line 250.
LaTeX Font Info:    Checking defaults for OMX/cmex/m/n on input line 250.
LaTeX Font Info:    ... okay on input line 250.
LaTeX Font Info:    Checking defaults for U/cmr/m/n on input line 250.
LaTeX Font Info:    ... okay on input line 250.
LaTeX Font Info:    Checking defaults for PD1/pdf/m/n on input line 250.
LaTeX Font Info:    ... okay on input line 250.
LaTeX Font Info:    Checking defaults for PU/pdf/m/n on input line 250.
LaTeX Font Info:    ... okay on input line 250.
LaTeX Info: Redefining \microtypecontext on input line 250.
Package microtype Info: Applying patch `item' on input line 250.
Package microtype Info: Applying patch `toc' on input line 250.
Package microtype Info: Applying patch `eqnum' on input line 250.
Package microtype Info: Applying patch `footnote' on input line 250.
Package microtype Info: Applying patch `verbatim' on input line 250.
LaTeX Info: Redefining \microtypesetup on input line 250.
Package microtype Info: Generating PDF output.
Package microtype Info: Character protrusion enabled (level 2).
Package microtype Info: Using default protrusion set `alltext'.
Package microtype Info: Automatic font expansion enabled (level 2),
(microtype)             stretch: 20, shrink: 20, step: 1, non-selected.
Package microtype Info: Using default expansion set `alltext-nott'.
Package microtype Info: Patching command `\showhyphens'.
Package microtype Info: No adjustment of tracking.
Package microtype Info: No adjustment of interword spacing.
Package microtype Info: No adjustment of character kerning.
(C:\Users\hisen\AppData\Roaming\MiKTeX\tex/latex/microtype\mt-ptm.cfg
File: mt-ptm.cfg 2006/04/20 v1.7 microtype config. file: Times (RS)
)
*geometry* driver: auto-detecting
*geometry* detected driver: pdftex
*geometry* verbose mode - [ preamble ] result:
* driver: pdftex
* paper: letterpaper
* layout: <same size as paper>
* layoutoffset:(h,v)=(0.0pt,0.0pt)
* modes: 
* h-part:(L,W,R)=(90.3375pt, 451.68752pt, 72.26999pt)
* v-part:(T,H,B)=(90.3375pt, 614.295pt, 90.3375pt)
* \paperwidth=614.295pt
* \paperheight=794.96999pt
* \textwidth=451.68752pt
* \textheight=614.295pt
* \oddsidemargin=18.0675pt
* \evensidemargin=18.0675pt
* \topmargin=-21.22743pt
* \headheight=14.0pt
* \headsep=25.29494pt
* \topskip=12.0pt
* \footskip=36.135pt
* \marginparwidth=44.0pt
* \marginparsep=10.0pt
* \columnsep=10.0pt
* \skip\footins=10.8pt plus 4.0pt minus 2.0pt
* \hoffset=0.0pt
* \voffset=0.0pt
* \mag=1000
* \@twocolumnfalse
* \@twosidefalse
* \@mparswitchfalse
* \@reversemarginfalse
* (1in=72.27pt=25.4mm, 1cm=28.453pt)

(C:\Program Files\MiKTeX\tex/context/base/mkii\supp-pdf.mkii
[Loading MPS to PDF converter (version 2006.09.02).]
\scratchcounter=\count333
\scratchdimen=\dimen265
\scratchbox=\box67
\nofMPsegments=\count334
\nofMParguments=\count335
\everyMPshowfont=\toks37
\MPscratchCnt=\count336
\MPscratchDim=\dimen266
\MPnumerator=\count337
\makeMPintoPDFobject=\count338
\everyMPtoPDFconversion=\toks38
) (C:\Program Files\MiKTeX\tex/latex/epstopdf-pkg\epstopdf-base.sty
Package: epstopdf-base 2020-01-24 v2.11 Base part for package epstopdf
Package epstopdf-base Info: Redefining graphics rule for `.eps' on input line 4
85.

(C:\Program Files\MiKTeX\tex/latex/00miktex\epstopdf-sys.cfg
File: epstopdf-sys.cfg 2021/03/18 v2.0 Configuration of epstopdf for MiKTeX
))
Package caption Info: Begin \AtBeginDocument code.
Package caption Info: hyperref package is loaded.
Package caption Info: End \AtBeginDocument code.
Package hyperref Info: Link coloring ON on input line 250.
 (report.out)
(report.out)
\@outlinefile=\write3
\openout3 = `report.out'.

<images/NEC_Logo.png, id=177, 128.73094pt x 122.70844pt>
File: images/NEC_Logo.png Graphic file (type png)
<use images/NEC_Logo.png>
Package pdftex.def Info: images/NEC_Logo.png  used on input line 270.
(pdftex.def)             Requested size: 130.08621pt x 124.01129pt.
LaTeX Font Info:    Trying to load font information for OT1+ztmcm on input line
 287.

(C:\Users\hisen\AppData\Roaming\MiKTeX\tex/latex/psnfss\ot1ztmcm.fd
File: ot1ztmcm.fd 2000/01/03 Fontinst v1.801 font definitions for OT1/ztmcm.
)
Package microtype Info: Loading generic protrusion settings for font family
(microtype)             `ztmcm' (encoding: OT1).
(microtype)             For optimal results, create family-specific settings.
(microtype)             See the microtype manual for details.
LaTeX Font Info:    Trying to load font information for OML+ztmcm on input line
 287.

(C:\Users\hisen\AppData\Roaming\MiKTeX\tex/latex/psnfss\omlztmcm.fd
File: omlztmcm.fd 2000/01/03 Fontinst v1.801 font definitions for OML/ztmcm.
)
LaTeX Font Info:    Trying to load font information for OMS+ztmcm on input line
 287.

(C:\Users\hisen\AppData\Roaming\MiKTeX\tex/latex/psnfss\omsztmcm.fd
File: omsztmcm.fd 2000/01/03 Fontinst v1.801 font definitions for OMS/ztmcm.
)
LaTeX Font Info:    Trying to load font information for OMX+ztmcm on input line
 287.

(C:\Users\hisen\AppData\Roaming\MiKTeX\tex/latex/psnfss\omxztmcm.fd
File: omxztmcm.fd 2000/01/03 Fontinst v1.801 font definitions for OMX/ztmcm.
)
LaTeX Font Info:    Trying to load font information for OT1+ptm on input line 2
87.

(C:\Users\hisen\AppData\Roaming\MiKTeX\tex/latex/psnfss\ot1ptm.fd
File: ot1ptm.fd 2001/06/04 font definitions for OT1/ptm.
)
LaTeX Font Info:    Font shape `OT1/ptm/bx/n' in size <12> not available
(Font)              Font shape `OT1/ptm/b/n' tried instead on input line 287.
LaTeX Font Info:    Font shape `OT1/ptm/bx/n' in size <9> not available
(Font)              Font shape `OT1/ptm/b/n' tried instead on input line 287.
LaTeX Font Info:    Font shape `OT1/ptm/bx/n' in size <7> not available
(Font)              Font shape `OT1/ptm/b/n' tried instead on input line 287.
 [1

{C:/Users/hisen/AppData/Local/MiKTeX/fonts/map/pdftex/pdftex.map}{C:/Program Fi
les/MiKTeX/fonts/enc/dvips/base/8r.enc} <./images/NEC_Logo.png>] [1


] [2


] (report.toc
[3

])
\tf@toc=\write4
\openout4 = `report.toc'.

 [4] (report.lof)
\tf@lof=\write5
\openout5 = `report.lof'.

 [5

] (report.lot)
\tf@lot=\write6
\openout6 = `report.lot'.

 [6

]
Chapter 1.
LaTeX Font Info:    Trying to load font information for TS1+ptm on input line 4
01.
(C:\Users\hisen\AppData\Roaming\MiKTeX\tex/latex/psnfss\ts1ptm.fd
File: ts1ptm.fd 2001/06/04 font definitions for TS1/ptm.
) [1


] [2]
[3] [4] [5] [6] [7]
Chapter 2.
[8

] [9]
Chapter 3.
[10

]
<images/User_Flowchart.png, id=353, 243.91125pt x 563.85657pt>
File: images/User_Flowchart.png Graphic file (type png)
<use images/User_Flowchart.png>
Package pdftex.def Info: images/User_Flowchart.png  used on input line 602.
(pdftex.def)             Requested size: 307.1442pt x 710.04146pt.
 [11]
Overfull \vbox (119.34645pt too high) has occurred while \output is active []


[12 <./images/User_Flowchart.png>]
<images/Creator_Flowchart.png, id=365, 336.50719pt x 575.90157pt>
File: images/Creator_Flowchart.png Graphic file (type png)
<use images/Creator_Flowchart.png>
Package pdftex.def Info: images/Creator_Flowchart.png  used on input line 619.
(pdftex.def)             Requested size: 307.1442pt x 525.653pt.
 [13] [14 <./images/Creator_Flowchart.png>]
<images/User_Use_Case_Diagram.png, id=375, 333.49594pt x 413.29407pt>
File: images/User_Use_Case_Diagram.png Graphic file (type png)
<use images/User_Use_Case_Diagram.png>
Package pdftex.def Info: images/User_Use_Case_Diagram.png  used on input line 6
36.
(pdftex.def)             Requested size: 307.1442pt x 380.66397pt.

[15] [16 <./images/User_Use_Case_Diagram.png>]
<images/Creator_Use_Case_Diagram.png, id=385, 337.26pt x 513.41812pt>
File: images/Creator_Use_Case_Diagram.png Graphic file (type png)
<use images/Creator_Use_Case_Diagram.png>
Package pdftex.def Info: images/Creator_Use_Case_Diagram.png  used on input lin
e 649.
(pdftex.def)             Requested size: 307.1442pt x 467.5794pt.
<images/Admin_Use_Case_Diagram.png, id=386, 335.00156pt x 412.54124pt>
File: images/Admin_Use_Case_Diagram.png Graphic file (type png)
<use images/Admin_Use_Case_Diagram.png>
Package pdftex.def Info: images/Admin_Use_Case_Diagram.png  used on input line 
660.
(pdftex.def)             Requested size: 307.1442pt x 378.23322pt.
 [17 <./images/Creator_Use_Case_Diagram.png>] [18 <./images/Admin_Use_Case_Diag
ram.png>]
<images/User_Sequence_Diagram.png, id=398, 390.70969pt x 438.13687pt>
File: images/User_Sequence_Diagram.png Graphic file (type png)
<use images/User_Sequence_Diagram.png>
Package pdftex.def Info: images/User_Sequence_Diagram.png  used on input line 6
77.
(pdftex.def)             Requested size: 361.35138pt x 405.23682pt.
 [19]
<images/Admin_Sequence_Diagram.png, id=403, 469.755pt x 345.582pt>
File: images/Admin_Sequence_Diagram.png Graphic file (type png)
<use images/Admin_Sequence_Diagram.png>
Package pdftex.def Info: images/Admin_Sequence_Diagram.png  used on input line 
690.
(pdftex.def)             Requested size: 361.35138pt x 265.8353pt.
 [20 <./images/User_Sequence_Diagram.png>]
<images/Creator_Sequence_Diagram.png, id=409, 493.0922pt x 459.96844pt>
File: images/Creator_Sequence_Diagram.png Graphic file (type png)
<use images/Creator_Sequence_Diagram.png>
Package pdftex.def Info: images/Creator_Sequence_Diagram.png  used on input lin
e 703.
(pdftex.def)             Requested size: 361.35138pt x 337.09366pt.
 [21 <./images/Admin_Sequence_Diagram.png>] [22 <./images/Creator_Sequence_Diag
ram.png>]
Chapter 4.
LaTeX Font Info:    Font shape `OT1/ptm/bx/n' in size <10> not available
(Font)              Font shape `OT1/ptm/b/n' tried instead on input line 743.
LaTeX Font Info:    Font shape `OT1/ptm/bx/n' in size <7.4> not available
(Font)              Font shape `OT1/ptm/b/n' tried instead on input line 743.
LaTeX Font Info:    Font shape `OT1/ptm/bx/n' in size <6> not available
(Font)              Font shape `OT1/ptm/b/n' tried instead on input line 743.

Underfull \hbox (badness 10000) in paragraph at lines 746--746
[]|\T1/ptm/b/n/10 (+20) Expected Re-
 []


Underfull \hbox (badness 10000) in paragraph at lines 746--746
[]|\T1/ptm/b/n/10 (+20) Actual Re-
 []


Underfull \hbox (badness 1221) in paragraph at lines 748--748
\T1/ptm/m/n/10 (+20) gin with valid
 []


Underfull \hbox (badness 3942) in paragraph at lines 748--748
[]|\T1/ptm/m/n/10 (+20) Navigate to /sign-
 []


Overfull \hbox (18.02544pt too wide) in paragraph at lines 748--748
[]|\T1/ptm/m/n/10 (-20) Email=test1@gmail.com,
 []


Underfull \hbox (badness 10000) in paragraph at lines 750--750
[]|\T1/ptm/m/n/10 (+20) Check user
 []


Underfull \hbox (badness 10000) in paragraph at lines 750--750
\T1/ptm/m/n/10 (+20) reg-is-tra-tion
 []


Underfull \hbox (badness 3942) in paragraph at lines 750--750
[]|\T1/ptm/m/n/10 (+20) Navigate to /sign-
 []


Overfull \hbox (18.02544pt too wide) in paragraph at lines 750--750
[]|\T1/ptm/m/n/10 (-20) Email=test2@gmail.com,
 []


Underfull \hbox (badness 5578) in paragraph at lines 752--752
[]|\T1/ptm/m/n/10 (+20) Sign-out func-
 []


Underfull \hbox (badness 2671) in paragraph at lines 752--752
[]|\T1/ptm/m/n/10 (+20) Log in, open the
 []


Underfull \hbox (badness 4366) in paragraph at lines 752--752
\T1/ptm/m/n/10 (+20) avatar menu, and
 []


Overfull \hbox (18.02544pt too wide) in paragraph at lines 752--752
[]|\T1/ptm/m/n/10 (-20) Email=test1@gmail.com,
 []


Underfull \hbox (badness 2644) in paragraph at lines 752--752
[]|\T1/ptm/m/n/10 (+20) User logs out
 []


Underfull \hbox (badness 1406) in paragraph at lines 752--752
\T1/ptm/m/n/10 (+20) and re-turns to
 []


Underfull \hbox (badness 10000) in paragraph at lines 754--754
[]|\T1/ptm/m/n/10 (+20) Database con-
 []


Underfull \hbox (badness 10000) in paragraph at lines 754--754
[]|\T1/ptm/m/n/10 (+20) Check
 []


Underfull \hbox (badness 10000) in paragraph at lines 754--754
\T1/ptm/m/n/10 (+20) src/db/index.ts
 []


Underfull \hbox (badness 10000) in paragraph at lines 754--754
[]|\T1/ptm/m/n/10 (+20) DATABASE_URL
 []


Underfull \hbox (badness 10000) in paragraph at lines 754--754
[]|\T1/ptm/m/n/10 (+20) DB in-stance
 []


Underfull \hbox (badness 10000) in paragraph at lines 754--754
\T1/ptm/m/n/10 (+20) con-nects and
 []


Underfull \hbox (badness 10000) in paragraph at lines 756--756
[]|\T1/ptm/m/n/10 (+20) Admin dash-
 []


Underfull \hbox (badness 10000) in paragraph at lines 758--758
[]|\T1/ptm/m/n/10 (+20) Admin users
 []


Underfull \hbox (badness 2837) in paragraph at lines 758--758
[]|\T1/ptm/m/n/10 (+20) Open /ad-min/users
 []


Underfull \hbox (badness 10000) in paragraph at lines 758--758
[]|\T1/ptm/m/n/10 (+20) User man-age-
 []


Underfull \hbox (badness 10000) in paragraph at lines 758--758
\T1/ptm/m/n/10 (+20) ment ta-ble
 []


Underfull \hbox (badness 2096) in paragraph at lines 760--760
[]|\T1/ptm/m/n/10 (+20) Open ad-min dash-
 []


Underfull \hbox (badness 1472) in paragraph at lines 760--760
\T1/ptm/m/n/10 (+20) board, nav-i-gate to
 []


Underfull \hbox (badness 10000) in paragraph at lines 760--760
[]|\T1/ptm/m/n/10 (+20) Selected user
 []


Underfull \hbox (badness 10000) in paragraph at lines 760--760
\T1/ptm/m/n/10 (+20) should be
 []


Overfull \hbox (32.9858pt too wide) in paragraph at lines 743--763
 [][] 
 []

[23

]
LaTeX Font Info:    Font shape `OT1/ptm/bx/n' in size <8> not available
(Font)              Font shape `OT1/ptm/b/n' tried instead on input line 774.
LaTeX Font Info:    Font shape `OT1/ptm/bx/n' in size <5> not available
(Font)              Font shape `OT1/ptm/b/n' tried instead on input line 774.
 [24] [25]
Chapter 5.
[26

]
LaTeX Font Info:    Trying to load font information for T1+pcr on input line 82
1.
 (C:\Users\hisen\AppData\Roaming\MiKTeX\tex/latex/psnfss\t1pcr.fd
File: t1pcr.fd 2001/06/04 font definitions for T1/pcr.
)
Package microtype Info: Loading generic protrusion settings for font family
(microtype)             `pcr' (encoding: T1).
(microtype)             For optimal results, create family-specific settings.
(microtype)             See the microtype manual for details.

Underfull \hbox (badness 10000) in paragraph at lines 824--825
[]\T1/ptm/m/n/12 (+20) DaamiDeal, ``OTT Plat-forms in Nepal,'' 2025. [On-
 []


Underfull \hbox (badness 10000) in paragraph at lines 824--825
\T1/ptm/m/n/12 (+20) line]. Avail-able: [][]$\T1/pcr/m/n/12 https : / / www . d
aamideal . com / blogs /
 []


Underfull \hbox (badness 4254) in paragraph at lines 836--837
[]\T1/ptm/m/n/12 (+20) J. M. Ph.D. and E. Kavlakoglu, ``What Is Content-Based F
il-ter-ing?,'' \T1/ptm/m/it/12 (+20) IBM\T1/ptm/m/n/12 (+20) ,
 []


Underfull \hbox (badness 10000) in paragraph at lines 836--837
\T1/ptm/m/n/12 (+20) 2025. [On-line]. Avail-able: [][]$\T1/pcr/m/n/12 https : /
 / www . ibm . com / think / topics /
 []


Underfull \hbox (badness 1895) in paragraph at lines 845--846
[]\T1/ptm/m/n/12 (+20) FlowPlayer, ``Adap-tive Bi-trate Stream-ing (ABR): The U
l-ti-mate Guide to ABR
 []


Underfull \hbox (badness 10000) in paragraph at lines 845--846
\T1/ptm/m/n/12 (+20) Video,'' 2023. [On-line]. Avail-able: [][]$\T1/pcr/m/n/12 
https : / / flowplayer . com / blog /
 []


Underfull \hbox (badness 10000) in paragraph at lines 848--849
\T1/ptm/m/n/12 (+20) [On-line]. Avail-able: [][]$\T1/pcr/m/n/12 https : / / www
 . almabetter . com / bytes / articles /
 []


Overfull \hbox (54.37914pt too wide) in paragraph at lines 848--849
\T1/pcr/m/n/12 how-[]netflix-[]uses-[]machinelearning-[]to-[]keep-[]users-[]glu
ed-[]to-[]the-[]screen$[][] 
 []


Underfull \hbox (badness 2970) in paragraph at lines 851--852
[]\T1/ptm/m/n/12 (+20) P. Song, ``How Does Net-flix Use Ma-chine Learn-ing for 
Rec-om-men-da-tions?,''
 []


Underfull \hbox (badness 10000) in paragraph at lines 851--852
\T1/ptm/m/it/12 (+20) ML Jour-ney\T1/ptm/m/n/12 (+20) , 2025. [On-line]. Avail-
able: [][]$\T1/pcr/m/n/12 https : / / mljourney . com /
 []

[27


]
Overfull \hbox (263.23904pt too wide) in paragraph at lines 854--855
\T1/pcr/m/n/12 how-[]youtube-[]recommendation-[]works-[]a-[]deep-[]dive-[]into-
[]ai-[]deep-[]learning-[]and-[]collaborative-[]filtering/$[][] 
 []


Underfull \hbox (badness 10000) in paragraph at lines 863--864
[]\T1/ptm/m/n/12 (+20) Vercel, \T1/ptm/m/it/12 (+20) Next.js Doc-u-men-ta-tion:
 Server-Side Ren-der-ing and Data
 []


Underfull \hbox (badness 10000) in paragraph at lines 863--864
\T1/ptm/m/it/12 (+20) Fetch-ing\T1/ptm/m/n/12 (+20) , 2024. [On-line]. Avail-ab
le: [][]$\T1/pcr/m/n/12 https : / / nextjs . org /
 []


Underfull \hbox (badness 10000) in paragraph at lines 863--864
\T1/pcr/m/n/12 docs / pages / building-[]your-[]application / data-[]fetching /

 []


Underfull \hbox (badness 10000) in paragraph at lines 875--876
[]\T1/ptm/m/n/12 (+20) M. AI, ``YouTube's Ma-chine Learn-ing (ML) Al-go-rithm,'
' \T1/ptm/m/it/12 (+20) DEV Com-
 []


Underfull \hbox (badness 10000) in paragraph at lines 875--876
\T1/ptm/m/it/12 (+20) mu-nity\T1/ptm/m/n/12 (+20) , 2022. [On-line]. Avail-able
: [][]$\T1/pcr/m/n/12 https : / / dev . to / mage _ ai /
 []


Underfull \hbox (badness 7504) in paragraph at lines 878--879
[]\T1/ptm/m/n/12 (+20) Elinext, ``AI-Driven Per-son-al-iza-tion: YouTube, Net-f
lix & Ama-zon,'' 2025.
 []

[28] [29] (report.aux)
 ***********
LaTeX2e <2025-11-01>
L3 programming layer <2025-11-06>
 ***********
Package rerunfilecheck Info: File `report.out' has not changed.
(rerunfilecheck)             Checksum: 208DDA206224A27D030E11EE556A9EBF;6483.
 ) 
Here is how much of TeX's memory you used:
 16472 strings out of 467871
 262190 string characters out of 5428442
 753718 words of memory out of 5000000
 44634 multiletter control sequences out of 15000+600000
 714957 words of font info for 347 fonts, out of 8000000 for 9000
 1141 hyphenation exceptions out of 8191
 75i,12n,83p,1345b,615s stack positions out of 10000i,1000n,20000p,200000b,200000s
<C:/Program Files/MiKTeX/fonts/type1/public/amsfonts/cm/cmsy10.pfb><C:/Progra
m Files/MiKTeX/fonts/type1/urw/courier/ucrr8a.pfb><C:/Program Files/MiKTeX/font
s/type1/urw/times/utmb8a.pfb><C:/Program Files/MiKTeX/fonts/type1/urw/times/utm
r8a.pfb><C:/Program Files/MiKTeX/fonts/type1/urw/times/utmri8a.pfb>
Output written on report.pdf (36 pages, 621606 bytes).
PDF statistics:
 543 PDF objects out of 1000 (max. 8388607)
 111 named destinations out of 1000 (max. 500000)
 105358 words of extra memory for PDF output out of 106986 (max. 10000000)

