\BOOKMARK [0][-]{Doc-Start}{\376\377\000A\000b\000s\000t\000r\000a\000c\000t}{}% 1
\BOOKMARK [0][-]{chapter*.1}{\376\377\000A\000c\000k\000n\000o\000w\000l\000e\000d\000g\000e\000m\000e\000n\000t}{}% 2
\BOOKMARK [0][-]{chapter*.2}{\376\377\000L\000i\000s\000t\000\040\000o\000f\000\040\000F\000i\000g\000u\000r\000e\000s}{}% 3
\BOOKMARK [0][-]{chapter*.2}{\376\377\000L\000i\000s\000t\000\040\000o\000f\000\040\000T\000a\000b\000l\000e\000s}{}% 4
\BOOKMARK [0][-]{chapter.3}{\376\377\000I\000n\000t\000r\000o\000d\000u\000c\000t\000i\000o\000n}{}% 5
\BOOKMARK [1][-]{section.4}{\376\377\000I\000n\000t\000r\000o\000d\000u\000c\000t\000i\000o\000n\000\040\000o\000f\000\040\000t\000h\000e\000\040\000P\000r\000o\000j\000e\000c\000t}{chapter.3}% 6
\BOOKMARK [1][-]{section.5}{\376\377\000P\000r\000o\000b\000l\000e\000m\000\040\000S\000t\000a\000t\000e\000m\000e\000n\000t}{chapter.3}% 7
\BOOKMARK [1][-]{section.6}{\376\377\000O\000b\000j\000e\000c\000t\000i\000v\000e}{chapter.3}% 8
\BOOKMARK [1][-]{section.7}{\376\377\000A\000i\000m}{chapter.3}% 9
\BOOKMARK [1][-]{section.8}{\376\377\000M\000o\000t\000i\000v\000a\000t\000i\000o\000n}{chapter.3}% 10
\BOOKMARK [1][-]{section.9}{\376\377\000S\000c\000o\000p\000e}{chapter.3}% 11
\BOOKMARK [1][-]{section.10}{\376\377\000A\000p\000p\000l\000i\000c\000a\000t\000i\000o\000n}{chapter.3}% 12
\BOOKMARK [1][-]{section.11}{\376\377\000F\000e\000a\000s\000i\000b\000i\000l\000i\000t\000y\000\040\000S\000t\000u\000d\000y}{chapter.3}% 13
\BOOKMARK [2][-]{subsection.12}{\376\377\000T\000e\000c\000h\000n\000i\000c\000a\000l\000\040\000F\000e\000a\000s\000i\000b\000i\000l\000i\000t\000y}{section.11}% 14
\BOOKMARK [2][-]{subsection.13}{\376\377\000E\000c\000o\000n\000o\000m\000i\000c\000\040\000F\000e\000a\000s\000i\000b\000i\000l\000i\000t\000y}{section.11}% 15
\BOOKMARK [1][-]{section.14}{\376\377\000E\000v\000a\000l\000u\000a\000t\000i\000o\000n\000\040\000o\000f\000\040\000E\000x\000i\000s\000t\000i\000n\000g\000\040\000S\000y\000s\000t\000e\000m\000s}{chapter.3}% 16
\BOOKMARK [2][-]{subsection.15}{\376\377\000Y\000o\000u\000T\000u\000b\000e}{section.14}% 17
\BOOKMARK [2][-]{subsection.16}{\376\377\000C\000i\000n\000e\000H\000u\000b\000\040\000N\000e\000p\000a\000l}{section.14}% 18
\BOOKMARK [2][-]{subsection.17}{\376\377\000T\000i\000k\000T\000o\000k}{section.14}% 19
\BOOKMARK [0][-]{chapter.18}{\376\377\000L\000i\000t\000e\000r\000a\000t\000u\000r\000e\000\040\000R\000e\000v\000i\000e\000w}{}% 20
\BOOKMARK [1][-]{section.19}{\376\377\000M\000a\000c\000h\000i\000n\000e\000\040\000L\000e\000a\000r\000n\000i\000n\000g\000\040\000i\000n\000\040\000V\000i\000d\000e\000o\000\040\000R\000e\000c\000o\000m\000m\000e\000n\000d\000a\000t\000i\000o\000n\000s}{chapter.18}% 21
\BOOKMARK [1][-]{section.20}{\376\377\000A\000r\000t\000i\000f\000i\000c\000i\000a\000l\000\040\000I\000n\000t\000e\000l\000l\000i\000g\000e\000n\000c\000e\000\040\000i\000n\000\040\000C\000o\000n\000t\000e\000n\000t\000\040\000C\000r\000e\000a\000t\000i\000o\000n}{chapter.18}% 22
\BOOKMARK [1][-]{section.21}{\376\377\000C\000o\000m\000m\000u\000n\000i\000t\000y\000\040\000E\000n\000g\000a\000g\000e\000m\000e\000n\000t\000\040\000a\000n\000d\000\040\000P\000e\000r\000s\000o\000n\000a\000l\000i\000z\000a\000t\000i\000o\000n}{chapter.18}% 23
\BOOKMARK [1][-]{section.22}{\376\377\000S\000t\000r\000e\000a\000m\000i\000n\000g\000\040\000a\000n\000d\000\040\000C\000o\000n\000t\000e\000n\000t\000\040\000P\000l\000a\000t\000f\000o\000r\000m\000s\000\040\000i\000n\000\040\000N\000e\000p\000a\000l}{chapter.18}% 24
\BOOKMARK [0][-]{chapter.23}{\376\377\000S\000y\000s\000t\000e\000m\000\040\000D\000e\000s\000i\000g\000n}{}% 25
\BOOKMARK [1][-]{section.24}{\376\377\000S\000y\000s\000t\000e\000m\000\040\000D\000e\000s\000c\000r\000i\000p\000t\000i\000o\000n}{chapter.23}% 26
\BOOKMARK [1][-]{section.25}{\376\377\000F\000l\000o\000w\000c\000h\000a\000r\000t}{chapter.23}% 27
\BOOKMARK [2][-]{subsection.26}{\376\377\000U\000s\000e\000r\000'\000s\000\040\000F\000l\000o\000w\000c\000h\000a\000r\000t}{section.25}% 28
\BOOKMARK [2][-]{subsection.28}{\376\377\000C\000r\000e\000a\000t\000o\000r\000'\000s\000\040\000F\000l\000o\000w\000c\000h\000a\000r\000t}{section.25}% 29
\BOOKMARK [1][-]{section.30}{\376\377\000U\000s\000e\000\040\000C\000a\000s\000e\000\040\000D\000i\000a\000g\000r\000a\000m}{chapter.23}% 30
\BOOKMARK [2][-]{subsection.31}{\376\377\000U\000s\000e\000r\000'\000s\000\040\000U\000s\000e\000\040\000C\000a\000s\000e\000\040\000D\000i\000a\000g\000r\000a\000m}{section.30}% 31
\BOOKMARK [2][-]{subsection.33}{\376\377\000C\000r\000e\000a\000t\000o\000r\000'\000s\000\040\000U\000s\000e\000\040\000C\000a\000s\000e\000\040\000D\000i\000a\000g\000r\000a\000m}{section.30}% 32
\BOOKMARK [2][-]{subsection.35}{\376\377\000A\000d\000m\000i\000n\000'\000s\000\040\000U\000s\000e\000\040\000C\000a\000s\000e\000\040\000D\000i\000a\000g\000r\000a\000m}{section.30}% 33
\BOOKMARK [1][-]{section.37}{\376\377\000S\000e\000q\000u\000e\000n\000c\000e\000\040\000D\000i\000a\000g\000r\000a\000m}{chapter.23}% 34
\BOOKMARK [2][-]{subsection.38}{\376\377\000U\000s\000e\000r\000'\000s\000\040\000S\000e\000q\000u\000e\000n\000c\000e\000\040\000D\000i\000a\000g\000r\000a\000m}{section.37}% 35
\BOOKMARK [2][-]{subsection.40}{\376\377\000A\000d\000m\000i\000n\000'\000s\000\040\000S\000e\000q\000u\000e\000n\000c\000e\000\040\000D\000i\000a\000g\000r\000a\000m}{section.37}% 36
\BOOKMARK [2][-]{subsection.42}{\376\377\000C\000r\000e\000a\000t\000o\000r\000'\000s\000\040\000S\000e\000q\000u\000e\000n\000c\000e\000\040\000D\000i\000a\000g\000r\000a\000m}{section.37}% 37
\BOOKMARK [0][-]{chapter.44}{\376\377\000I\000m\000p\000l\000e\000m\000e\000n\000t\000a\000t\000i\000o\000n\000\040\000a\000n\000d\000\040\000D\000i\000s\000c\000u\000s\000s\000i\000o\000n}{}% 38
\BOOKMARK [1][-]{section.45}{\376\377\000T\000a\000s\000k\000s\000\040\000C\000o\000m\000p\000l\000e\000t\000e\000d}{chapter.44}% 39
\BOOKMARK [1][-]{section.46}{\376\377\000T\000a\000s\000k\000s\000\040\000R\000e\000m\000a\000i\000n\000i\000n\000g}{chapter.44}% 40
\BOOKMARK [1][-]{section.47}{\376\377\000T\000e\000s\000t\000\040\000C\000a\000s\000e\000s}{chapter.44}% 41
\BOOKMARK [1][-]{section.49}{\376\377\000G\000a\000n\000t\000t\000\040\000C\000h\000a\000r\000t}{chapter.44}% 42
\BOOKMARK [0][-]{chapter.51}{\376\377\000C\000o\000n\000c\000l\000u\000s\000i\000o\000n}{}% 43
\BOOKMARK [0][-]{chapter.51}{\376\377\000R\000e\000f\000e\000r\000e\000n\000c\000e\000s}{}% 44
\BOOKMARK [0][-]{chapter*.52}{\376\377\000A\000p\000p\000e\000n\000d\000i\000c\000e\000s}{}% 45
\BOOKMARK [0][-]{appendix.53}{\376\377\000T\000e\000c\000h\000n\000o\000l\000o\000g\000y\000\040\000S\000t\000a\000c\000k}{}% 46
\BOOKMARK [1][-]{section.54}{\376\377\000F\000r\000o\000n\000t\000e\000n\000d\000\040\000T\000e\000c\000h\000n\000o\000l\000o\000g\000i\000e\000s}{appendix.53}% 47
\BOOKMARK [1][-]{section.56}{\376\377\000B\000a\000c\000k\000e\000n\000d\000\040\000T\000e\000c\000h\000n\000o\000l\000o\000g\000i\000e\000s}{appendix.53}% 48
\BOOKMARK [1][-]{section.58}{\376\377\000A\000I\000/\000M\000L\000\040\000T\000e\000c\000h\000n\000o\000l\000o\000g\000i\000e\000s}{appendix.53}% 49
\BOOKMARK [1][-]{section.60}{\376\377\000D\000e\000v\000O\000p\000s\000\040\000\046\000\040\000I\000n\000f\000r\000a\000s\000t\000r\000u\000c\000t\000u\000r\000e}{appendix.53}% 50
\BOOKMARK [0][-]{appendix.62}{\376\377\000D\000a\000t\000a\000b\000a\000s\000e\000\040\000S\000c\000h\000e\000m\000a}{}% 51
\BOOKMARK [1][-]{section.63}{\376\377\000C\000o\000r\000e\000\040\000T\000a\000b\000l\000e\000s}{appendix.62}% 52
\BOOKMARK [1][-]{section.65}{\376\377\000K\000e\000y\000\040\000R\000e\000l\000a\000t\000i\000o\000n\000s\000h\000i\000p\000s}{appendix.62}% 53
